http://news.ycombinator.com/
http://news.ycombinator.com/item?id=3881171
https://news.ycombinator.com/
https://news.ycombinator.com/item?id=10320551
https://news.ycombinator.com/item?id=10326434
https://news.ycombinator.com/item?id=10327485
https://news.ycombinator.com/item?id=10327513
https://news.ycombinator.com/item?id=10328015
https://news.ycombinator.com/item?id=10329322
https://news.ycombinator.com/item?id=10334096
https://news.ycombinator.com/item?id=10335631
https://news.ycombinator.com/item?id=10338904
https://news.ycombinator.com/item?id=10339852
https://news.ycombinator.com/item?id=10340262
https://news.ycombinator.com/item?id=10341524
https://news.ycombinator.com/item?id=10341621
https://news.ycombinator.com/item?id=10341832
https://news.ycombinator.com/item?id=10342947
https://news.ycombinator.com/item?id=10346952
https://news.ycombinator.com/item?id=10347063
https://news.ycombinator.com/item?id=10347643
https://news.ycombinator.com/item?id=10347821
https://news.ycombinator.com/item?id=10352704
https://news.ycombinator.com/item?id=10355508
https://news.ycombinator.com/item?id=10356111
https://news.ycombinator.com/item?id=10356416
https://news.ycombinator.com/item?id=10359491
https://news.ycombinator.com/item?id=10360613
https://news.ycombinator.com/item?id=10360733
https://news.ycombinator.com/item?id=10362141
https://news.ycombinator.com/item?id=10363107
https://news.ycombinator.com/item?id=10363500
https://news.ycombinator.com/item?id=10364197
https://news.ycombinator.com/item?id=10365463
https://news.ycombinator.com/item?id=10365555
https://news.ycombinator.com/item?id=10365912
https://news.ycombinator.com/item?id=10366224
https://news.ycombinator.com/item?id=10367253
https://news.ycombinator.com/item?id=10367590
https://news.ycombinator.com/item?id=10368067
https://news.ycombinator.com/item?id=10368547
https://news.ycombinator.com/item?id=10370132
https://news.ycombinator.com/item?id=10370468
https://news.ycombinator.com/item?id=10370669
https://news.ycombinator.com/item?id=10379904
https://news.ycombinator.com/item?id=10381281
https://news.ycombinator.com/item?id=10384362
https://news.ycombinator.com/item?id=10389931
https://news.ycombinator.com/item?id=10390062
https://news.ycombinator.com/item?id=10390296
https://news.ycombinator.com/item?id=10390822
https://news.ycombinator.com/item?id=10399854
https://news.ycombinator.com/item?id=10400167
https://news.ycombinator.com/item?id=10400550
https://news.ycombinator.com/item?id=10401344
https://news.ycombinator.com/item?id=10401698
https://news.ycombinator.com/item?id=10401950
https://news.ycombinator.com/item?id=10402150
https://news.ycombinator.com/item?id=10402307
https://news.ycombinator.com/item?id=10403507
https://news.ycombinator.com/item?id=10417206
https://news.ycombinator.com/item?id=10420114
https://news.ycombinator.com/item?id=10420929
https://news.ycombinator.com/item?id=10426112
https://news.ycombinator.com/item?id=10426806
https://news.ycombinator.com/item?id=10427212
https://news.ycombinator.com/item?id=10427572
https://news.ycombinator.com/item?id=10427712
https://news.ycombinator.com/item?id=10428417
https://news.ycombinator.com/item?id=10428491
https://news.ycombinator.com/item?id=10438240
https://news.ycombinator.com/item?id=10440293
https://news.ycombinator.com/item?id=10448445
https://news.ycombinator.com/item?id=10448648
https://news.ycombinator.com/item?id=10451492
https://news.ycombinator.com/item?id=10464290
https://news.ycombinator.com/item?id=10465117
https://news.ycombinator.com/item?id=10473293
https://news.ycombinator.com/item?id=10474161
https://news.ycombinator.com/item?id=10474206
https://news.ycombinator.com/item?id=10474717
https://news.ycombinator.com/item?id=10474916
https://news.ycombinator.com/item?id=10475087
https://news.ycombinator.com/item?id=10478940
https://news.ycombinator.com/item?id=10478970
https://news.ycombinator.com/item?id=10479516
https://news.ycombinator.com/item?id=10482033
https://news.ycombinator.com/item?id=10482577
https://news.ycombinator.com/item?id=10482676
https://news.ycombinator.com/item?id=10483523
https://news.ycombinator.com/item?id=10483751
https://news.ycombinator.com/item?id=10486476
https://news.ycombinator.com/item?id=10487419
https://news.ycombinator.com/item?id=10487447
https://news.ycombinator.com/item?id=10488991
https://news.ycombinator.com/item?id=10488998
https://news.ycombinator.com/item?id=10490517
https://news.ycombinator.com/item?id=10491009
https://news.ycombinator.com/item?id=10491019
https://news.ycombinator.com/item?id=10493754
https://news.ycombinator.com/item?id=10493860
https://news.ycombinator.com/item?id=10493881
https://news.ycombinator.com/item?id=10494045
https://news.ycombinator.com/item?id=10494805
https://news.ycombinator.com/item?id=10495304
https://news.ycombinator.com/item?id=10495402
https://news.ycombinator.com/item?id=10495966
https://news.ycombinator.com/item?id=10496788
https://news.ycombinator.com/item?id=10499145
https://news.ycombinator.com/item?id=10499272
https://news.ycombinator.com/item?id=10499297
https://news.ycombinator.com/item?id=10500724
https://news.ycombinator.com/item?id=10504210
https://news.ycombinator.com/item?id=10504733
https://news.ycombinator.com/item?id=10505362
https://news.ycombinator.com/item?id=10506296
https://news.ycombinator.com/item?id=10508082
https://news.ycombinator.com/item?id=10508494
https://news.ycombinator.com/item?id=10510172
https://news.ycombinator.com/item?id=10510562
https://news.ycombinator.com/item?id=10517175
https://news.ycombinator.com/item?id=10518452
https://news.ycombinator.com/item?id=10520508
https://news.ycombinator.com/item?id=10520639
https://news.ycombinator.com/item?id=10521816
https://news.ycombinator.com/item?id=10521835
https://news.ycombinator.com/item?id=10522840
https://news.ycombinator.com/item?id=10522880
https://news.ycombinator.com/item?id=10525052
https://news.ycombinator.com/item?id=10526678
https://news.ycombinator.com/item?id=10528252
https://news.ycombinator.com/item?id=10528608
https://news.ycombinator.com/item?id=10530917
https://news.ycombinator.com/item?id=10532957
https://news.ycombinator.com/item?id=10534274
https://news.ycombinator.com/item?id=10535210
https://news.ycombinator.com/item?id=10537801
https://news.ycombinator.com/item?id=10545689
https://news.ycombinator.com/item?id=10547575
https://news.ycombinator.com/item?id=10547772
https://news.ycombinator.com/item?id=10551231
https://news.ycombinator.com/item?id=10556332
https://news.ycombinator.com/item?id=10565296
https://news.ycombinator.com/item?id=10568525
https://news.ycombinator.com/item?id=10570400
https://news.ycombinator.com/item?id=10575215
https://news.ycombinator.com/item?id=10575953
https://news.ycombinator.com/item?id=10576085
https://news.ycombinator.com/item?id=10576155
https://news.ycombinator.com/item?id=10583990
https://news.ycombinator.com/item?id=10584336
https://news.ycombinator.com/item?id=10584663
https://news.ycombinator.com/item?id=10590087
https://news.ycombinator.com/item?id=10596667
https://news.ycombinator.com/item?id=10596704
https://news.ycombinator.com/item?id=10601154
https://news.ycombinator.com/item?id=10601517
https://news.ycombinator.com/item?id=10603818
https://news.ycombinator.com/item?id=10604468
https://news.ycombinator.com/item?id=10604654
https://news.ycombinator.com/item?id=10605289
https://news.ycombinator.com/item?id=10606355
https://news.ycombinator.com/item?id=10607237
https://news.ycombinator.com/item?id=10611504
https://news.ycombinator.com/item?id=10612516
https://news.ycombinator.com/item?id=10613063
https://news.ycombinator.com/item?id=10615155
https://news.ycombinator.com/item?id=10615390
https://news.ycombinator.com/item?id=10615918
https://news.ycombinator.com/item?id=10617105
https://news.ycombinator.com/item?id=10619608
https://news.ycombinator.com/item?id=10622437
https://news.ycombinator.com/item?id=10622660
https://news.ycombinator.com/item?id=10623600
https://news.ycombinator.com/item?id=10624542
https://news.ycombinator.com/item?id=10624595
https://news.ycombinator.com/item?id=10626504
https://news.ycombinator.com/item?id=10628212
https://news.ycombinator.com/item?id=10634208
https://news.ycombinator.com/item?id=10636312
https://news.ycombinator.com/item?id=10636818
https://news.ycombinator.com/item?id=10638339
https://news.ycombinator.com/item?id=10638468
https://news.ycombinator.com/item?id=10638795
https://news.ycombinator.com/item?id=10639398
https://news.ycombinator.com/item?id=10639405
https://news.ycombinator.com/item?id=10639874
https://news.ycombinator.com/item?id=10641135
https://news.ycombinator.com/item?id=10641960
https://news.ycombinator.com/item?id=10642068
https://news.ycombinator.com/item?id=10642351
https://news.ycombinator.com/item?id=10644771
https://news.ycombinator.com/item?id=10646286
https://news.ycombinator.com/item?id=10646491
https://news.ycombinator.com/item?id=10648172
https://news.ycombinator.com/item?id=10648418
https://news.ycombinator.com/item?id=10648961
https://news.ycombinator.com/item?id=10651617
https://news.ycombinator.com/item?id=10654216
https://news.ycombinator.com/item?id=10655318
https://news.ycombinator.com/item?id=10655853
https://news.ycombinator.com/item?id=10658187
https://news.ycombinator.com/item?id=10658455
https://news.ycombinator.com/item?id=10658787
https://news.ycombinator.com/item?id=10659123
https://news.ycombinator.com/item?id=10660021
https://news.ycombinator.com/item?id=10662666
https://news.ycombinator.com/item?id=10663843
https://news.ycombinator.com/item?id=10664272
https://news.ycombinator.com/item?id=10664554
https://news.ycombinator.com/item?id=10665409
https://news.ycombinator.com/item?id=10666662
https://news.ycombinator.com/item?id=10670770
https://news.ycombinator.com/item?id=10671356
https://news.ycombinator.com/item?id=10674297
https://news.ycombinator.com/item?id=10674914
https://news.ycombinator.com/item?id=10675189
https://news.ycombinator.com/item?id=10678652
https://news.ycombinator.com/item?id=10680288
https://news.ycombinator.com/item?id=10687864
https://news.ycombinator.com/item?id=10688556
https://news.ycombinator.com/item?id=10688898
https://news.ycombinator.com/item?id=10689697
https://news.ycombinator.com/item?id=10690834
https://news.ycombinator.com/item?id=10690956
https://news.ycombinator.com/item?id=10694676
https://news.ycombinator.com/item?id=10696873
https://news.ycombinator.com/item?id=10697381
https://news.ycombinator.com/item?id=10697939
https://news.ycombinator.com/item?id=10698009
https://news.ycombinator.com/item?id=10699149
https://news.ycombinator.com/item?id=10699515
https://news.ycombinator.com/item?id=10711633
https://news.ycombinator.com/item?id=10712642
https://news.ycombinator.com/item?id=10712783
https://news.ycombinator.com/item?id=10714048
https://news.ycombinator.com/item?id=10718366
https://news.ycombinator.com/item?id=10718742
https://news.ycombinator.com/item?id=10719052
https://news.ycombinator.com/item?id=10719080
https://news.ycombinator.com/item?id=10720176
https://news.ycombinator.com/item?id=10720218
https://news.ycombinator.com/item?id=10721244
https://news.ycombinator.com/item?id=10722452
https://news.ycombinator.com/item?id=10724592
https://news.ycombinator.com/item?id=10726488
https://news.ycombinator.com/item?id=10727894
https://news.ycombinator.com/item?id=10730020
https://news.ycombinator.com/item?id=10731231
https://news.ycombinator.com/item?id=10731415
https://news.ycombinator.com/item?id=10733851
https://news.ycombinator.com/item?id=10744206
https://news.ycombinator.com/item?id=10746547
https://news.ycombinator.com/item?id=10752822
https://news.ycombinator.com/item?id=10757842
https://news.ycombinator.com/item?id=10757949
https://news.ycombinator.com/item?id=10757985
https://news.ycombinator.com/item?id=10758278
https://news.ycombinator.com/item?id=10759164
https://news.ycombinator.com/item?id=10759879
https://news.ycombinator.com/item?id=10760665
https://news.ycombinator.com/item?id=10762751
https://news.ycombinator.com/item?id=10762929
https://news.ycombinator.com/item?id=10763436
https://news.ycombinator.com/item?id=10763827
https://news.ycombinator.com/item?id=10767716
https://news.ycombinator.com/item?id=10768390
https://news.ycombinator.com/item?id=10768391
https://news.ycombinator.com/item?id=10768720
https://news.ycombinator.com/item?id=10769243
https://news.ycombinator.com/item?id=10770664
https://news.ycombinator.com/item?id=10771031
https://news.ycombinator.com/item?id=10771169
https://news.ycombinator.com/item?id=10771539
https://news.ycombinator.com/item?id=10774204
https://news.ycombinator.com/item?id=10774432
https://news.ycombinator.com/item?id=10775773
https://news.ycombinator.com/item?id=10780939
https://news.ycombinator.com/item?id=10782995
https://news.ycombinator.com/item?id=10786842
https://news.ycombinator.com/item?id=10787283
https://news.ycombinator.com/item?id=10787515
https://news.ycombinator.com/item?id=10787614
https://news.ycombinator.com/item?id=10787972
https://news.ycombinator.com/item?id=10788503
https://news.ycombinator.com/item?id=10789498
https://news.ycombinator.com/item?id=10792368
https://news.ycombinator.com/item?id=10797303
https://news.ycombinator.com/item?id=10801757
https://news.ycombinator.com/item?id=10802192
https://news.ycombinator.com/item?id=10802413
https://news.ycombinator.com/item?id=10803136
https://news.ycombinator.com/item?id=10803467
https://news.ycombinator.com/item?id=10806318
https://news.ycombinator.com/item?id=10807139
https://news.ycombinator.com/item?id=10807501
https://news.ycombinator.com/item?id=10809360
https://news.ycombinator.com/item?id=10810271
https://news.ycombinator.com/item?id=10811822
https://news.ycombinator.com/item?id=10811958
https://news.ycombinator.com/item?id=10812055
https://news.ycombinator.com/item?id=10812445
https://news.ycombinator.com/item?id=10813746
https://news.ycombinator.com/item?id=10815821
https://news.ycombinator.com/item?id=10816563
https://news.ycombinator.com/item?id=10818865
https://news.ycombinator.com/item?id=10819355
https://news.ycombinator.com/item?id=10819670
https://news.ycombinator.com/item?id=10819702
https://news.ycombinator.com/item?id=3881171
https://news.ycombinator.com/item?id=460767
https://news.ycombinator.com/item?id=8673709
https://news.ycombinator.com/item?id=8736739
https://news.ycombinator.com/item?id=8866933
https://news.ycombinator.com/newcomments
https://news.ycombinator.com/news?p=2
https://news.ycombinator.com/news?p=3
https://news.ycombinator.com/news?p=4
https://news.ycombinator.com/submitted?id=plexicle
https://news.ycombinator.com/threads?id=plexicle
https://news.ycombinator.com/user?id=plexicle
https://www.google.com/url?sa=t&rct=j&q=&esrc=s&source=web&cd=5&ved=0ahUKEwjE05qOmK3JAhUDKh4KHa2DAFMQFgg3MAQ&url=https%3A%2F%2Fnews.ycombinator.com%2Fitem%3Fid%3D8673709&usg=AFQjCNGwljENwIxaxsX0ft9xdtkMx-248Q&sig2=rzANGcU3rSMzQo0jl9B36g&cad=rja
